2019-11-07 18:28:18,588 [Worker-3: Loading available Gradle versions] INFO  o.e.b.c.i.u.g.PublishedGradleVersions - Gradle version information cache is up-to-date. Trying to read.
2019-11-19 13:32:21,147 [Worker-4: Loading available Gradle versions] INFO  o.e.b.c.i.u.g.PublishedGradleVersions - Gradle version information cache is out-of-date. Trying to update.
2019-11-19 13:37:54,397 [Worker-0: Loading available Gradle versions] INFO  o.e.b.c.i.u.g.PublishedGradleVersions - Gradle version information cache is up-to-date. Trying to read.
2019-11-19 13:41:26,788 [Worker-1: Loading available Gradle versions] INFO  o.e.b.c.i.u.g.PublishedGradleVersions - Gradle version information cache is up-to-date. Trying to read.
2019-11-19 13:43:09,540 [Worker-2: Importing Maven projects] INFO  o.e.m.c.i.l.LifecycleMappingFactory - Using org.eclipse.m2e.jdt.JarLifecycleMapping lifecycle mapping for MavenProject: attsd.exam.project:spring-project:0.0.1-SNAPSHOT @ C:\SVN\spring-project-master\target\classes\META-INF\maven\attsd.exam.project\spring-project\pom.xml.
2019-11-19 13:43:17,095 [Worker-2: Importing Maven projects] INFO  o.e.m.c.i.embedder.EclipseLogger - Test Source directory: C:\SVN\spring-project-master\target\classes\META-INF\maven\attsd.exam.project\spring-project\src\it\java added.
2019-11-19 13:43:17,095 [Worker-2: Importing Maven projects] INFO  o.e.m.c.i.embedder.EclipseLogger - Test Source directory: C:\SVN\spring-project-master\target\classes\META-INF\maven\attsd.exam.project\spring-project\src\e2e\java added.
2019-11-19 13:43:17,319 [Worker-2: Importing Maven projects] INFO  o.e.m.j.i.AbstractJavaProjectConfigurator - Adding source folder /spring-project/src/main/java
2019-11-19 13:43:17,320 [Worker-2: Importing Maven projects] INFO  o.e.m.j.i.AbstractJavaProjectConfigurator - Adding source folder /spring-project/src/test/java
2019-11-19 13:43:17,320 [Worker-2: Importing Maven projects] INFO  o.e.m.j.i.AbstractJavaProjectConfigurator - Adding source folder /spring-project/src/it/java
2019-11-19 13:43:17,321 [Worker-2: Importing Maven projects] INFO  o.e.m.j.i.AbstractJavaProjectConfigurator - Adding source folder /spring-project/src/e2e/java
2019-11-19 13:43:24,022 [Worker-2: Importing Maven projects] INFO  o.e.m.c.i.p.ProjectConfigurationManager - Imported and configured 1 project(s) in 20 sec
2019-11-19 13:43:26,337 [Worker-3: Building workspace] INFO  o.e.m.c.i.embedder.EclipseLogger - Using 'UTF-8' encoding to copy filtered resources.
2019-11-19 13:43:26,337 [Worker-3: Building workspace] INFO  o.e.m.c.i.embedder.EclipseLogger - skip non existing resourceDirectory C:\SVN\spring-project-master\target\classes\META-INF\maven\attsd.exam.project\spring-project\src\main\resources
2019-11-19 13:43:26,337 [Worker-3: Building workspace] INFO  o.e.m.c.i.embedder.EclipseLogger - skip non existing resourceDirectory C:\SVN\spring-project-master\target\classes\META-INF\maven\attsd.exam.project\spring-project\src\main\resources
2019-11-19 13:43:26,340 [Worker-3: Building workspace] INFO  o.e.m.c.i.embedder.EclipseLogger - Test Source directory: C:\SVN\spring-project-master\target\classes\META-INF\maven\attsd.exam.project\spring-project\src\it\java added.
2019-11-19 13:43:26,340 [Worker-3: Building workspace] INFO  o.e.m.c.i.embedder.EclipseLogger - Test Source directory: C:\SVN\spring-project-master\target\classes\META-INF\maven\attsd.exam.project\spring-project\src\e2e\java added.
2019-11-19 13:43:26,344 [Worker-3: Building workspace] INFO  o.e.m.c.i.embedder.EclipseLogger - Using 'UTF-8' encoding to copy filtered resources.
2019-11-19 13:43:26,345 [Worker-3: Building workspace] INFO  o.e.m.c.i.embedder.EclipseLogger - skip non existing resourceDirectory C:\SVN\spring-project-master\target\classes\META-INF\maven\attsd.exam.project\spring-project\src\test\resources
2019-11-19 13:43:26,354 [Worker-3: Building workspace] INFO  o.e.m.c.i.embedder.EclipseLogger - skip non existing resourceDirectory C:\SVN\spring-project-master\target\classes\META-INF\maven\attsd.exam.project\spring-project\src\e2e\resources
2019-11-19 13:44:29,538 [Worker-0: Loading available Gradle versions] INFO  o.e.b.c.i.u.g.PublishedGradleVersions - Gradle version information cache is up-to-date. Trying to read.
2019-11-19 13:46:35,093 [Worker-1: Loading available Gradle versions] INFO  o.e.b.c.i.u.g.PublishedGradleVersions - Gradle version information cache is up-to-date. Trying to read.
2019-11-19 13:52:03,041 [Worker-0: Loading available Gradle versions] INFO  o.e.b.c.i.u.g.PublishedGradleVersions - Gradle version information cache is up-to-date. Trying to read.
2019-11-19 13:53:14,719 [Worker-2: Loading available Gradle versions] INFO  o.e.b.c.i.u.g.PublishedGradleVersions - Gradle version information cache is up-to-date. Trying to read.
2019-11-19 13:56:21,888 [Worker-3: Loading available Gradle versions] INFO  o.e.b.c.i.u.g.PublishedGradleVersions - Gradle version information cache is up-to-date. Trying to read.
2019-12-23 13:49:43,021 [Worker-4: Loading available Gradle versions] INFO  o.e.b.c.i.u.g.PublishedGradleVersions - Gradle version information cache is out-of-date. Trying to update.
2019-12-23 13:49:53,166 [Worker-4: Loading available Gradle versions] INFO  o.e.b.c.i.u.g.PublishedGradleVersions - Updating Gradle version information cache failed. Using outdated cache.
2019-12-23 13:50:36,995 [Worker-1: Loading available Gradle versions] INFO  o.e.b.c.i.u.g.PublishedGradleVersions - Gradle version information cache is out-of-date. Trying to update.
2019-12-23 13:50:47,165 [Worker-1: Loading available Gradle versions] INFO  o.e.b.c.i.u.g.PublishedGradleVersions - Updating Gradle version information cache failed. Using outdated cache.
2019-12-23 14:30:46,898 [Worker-2: Loading available Gradle versions] INFO  o.e.b.c.i.u.g.PublishedGradleVersions - Gradle version information cache is out-of-date. Trying to update.
2019-12-25 15:42:30,406 [Worker-5: Loading available Gradle versions] INFO  o.e.b.c.i.u.g.PublishedGradleVersions - Gradle version information cache is out-of-date. Trying to update.
2019-12-25 15:42:30,584 [Worker-5: Loading available Gradle versions] INFO  o.e.b.c.i.u.g.PublishedGradleVersions - Updating Gradle version information cache failed. Using outdated cache.
2019-12-27 15:22:34,749 [Worker-5: Loading available Gradle versions] INFO  o.e.b.c.i.u.g.PublishedGradleVersions - Gradle version information cache is out-of-date. Trying to update.
2019-12-27 15:22:44,999 [Worker-5: Loading available Gradle versions] INFO  o.e.b.c.i.u.g.PublishedGradleVersions - Updating Gradle version information cache failed. Using outdated cache.
